\BOOKMARK [0][-]{chapter.1}{Introduction}{}% 1
\BOOKMARK [1][-]{section.1.1}{What Zelig and R Do}{chapter.1}% 2
\BOOKMARK [1][-]{section.1.2}{Getting Help}{chapter.1}% 3
\BOOKMARK [1][-]{section.1.3}{How to Cite Zelig}{chapter.1}% 4
\BOOKMARK [0][-]{chapter.2}{Installation}{}% 5
\BOOKMARK [1][-]{section.2.1}{If You Know R}{chapter.2}% 6
\BOOKMARK [1][-]{section.2.2}{If You Are New to R}{chapter.2}% 7
\BOOKMARK [1][-]{section.2.3}{Installing R}{chapter.2}% 8
\BOOKMARK [1][-]{section.2.4}{Installing Zelig}{chapter.2}% 9
\BOOKMARK [1][-]{section.2.5}{Updating Zelig}{chapter.2}% 10
\BOOKMARK [1][-]{section.2.6}{Installing R}{chapter.2}% 11
\BOOKMARK [1][-]{section.2.7}{Installing Zelig}{chapter.2}% 12
\BOOKMARK [1][-]{section.2.8}{Updating Zelig}{chapter.2}% 13
\BOOKMARK [1][-]{section.2.9}{Installing R}{chapter.2}% 14
\BOOKMARK [1][-]{section.2.10}{Installing Zelig}{chapter.2}% 15
\BOOKMARK [1][-]{section.2.11}{Updating Zelig}{chapter.2}% 16
\BOOKMARK [0][-]{chapter.3}{Data Analysis Commands}{}% 17
\BOOKMARK [1][-]{section.3.1}{Command Syntax}{chapter.3}% 18
\BOOKMARK [1][-]{section.3.2}{Data Sets}{chapter.3}% 19
\BOOKMARK [1][-]{section.3.3}{Variables}{chapter.3}% 20
\BOOKMARK [0][-]{chapter.4}{Statistical Commands}{}% 21
\BOOKMARK [1][-]{section.4.1}{Zelig Commands}{chapter.4}% 22
\BOOKMARK [1][-]{section.4.2}{describe: Describe a model\220s systematic and stochastic parameters}{chapter.4}% 23
\BOOKMARK [1][-]{section.4.3}{Supported Models}{chapter.4}% 24
\BOOKMARK [1][-]{section.4.4}{Replication Procedures}{chapter.4}% 25
\BOOKMARK [0][-]{chapter.5}{Graphing Commands}{}% 26
\BOOKMARK [1][-]{section.5.1}{Drawing Plots}{chapter.5}% 27
\BOOKMARK [1][-]{section.5.2}{Adding Points, Lines, and Legends to Existing Plots}{chapter.5}% 28
\BOOKMARK [1][-]{section.5.3}{Saving Graphs to Files}{chapter.5}% 29
\BOOKMARK [1][-]{section.5.4}{Examples}{chapter.5}% 30
\BOOKMARK [0][-]{chapter.6}{R Objects}{}% 31
\BOOKMARK [1][-]{section.6.1}{Scalar Values}{chapter.6}% 32
\BOOKMARK [1][-]{section.6.2}{Data Structures}{chapter.6}% 33
\BOOKMARK [0][-]{chapter.7}{Programming Statements}{}% 34
\BOOKMARK [1][-]{section.7.1}{Functions}{chapter.7}% 35
\BOOKMARK [1][-]{section.7.2}{If-Statements}{chapter.7}% 36
\BOOKMARK [1][-]{section.7.3}{For-Loops}{chapter.7}% 37
\BOOKMARK [0][-]{chapter.8}{Writing New Models}{}% 38
\BOOKMARK [1][-]{section.8.1}{Managing Statistical Model Inputs}{chapter.8}% 39
\BOOKMARK [1][-]{section.8.2}{Easy Ways to Manage Matrices}{chapter.8}% 40
\BOOKMARK [0][-]{chapter.9}{Adding Models and Methods to Zelig}{}% 41
\BOOKMARK [1][-]{section.9.1}{Making the Model Compatible with Zelig}{chapter.9}% 42
\BOOKMARK [1][-]{section.9.2}{Getting Ready for the GUI}{chapter.9}% 43
\BOOKMARK [1][-]{section.9.3}{Formatting Reference Manual Pages}{chapter.9}% 44
\BOOKMARK [0][-]{chapter.10}{Frequently Asked Questions}{}% 45
\BOOKMARK [1][-]{section.10.1}{For All Zelig Users}{chapter.10}% 46
\BOOKMARK [1][-]{section.10.2}{For Zelig Contributors}{chapter.10}% 47
\BOOKMARK [0][-]{chapter.11}{Indices and tables}{}% 48
